type,addr,taken,fell
L,0x40067b,1,0
J,0x40067e,1,0
L,0x40078c,1,0
J,0x400791,0,1
L,0x4007a4,0,1
J,0x4007a7,1,0
L,0x4007c6,1,0
J,0x4007cf,0,1
L,0x40080a,1,0
L,0x40081e,1,0
L,0x40091b,0,2812
J,0x40091e,0,2812
L,0x400938,2812,1150
J,0x40093b,1150,2812
L,0x400943,2812,0
L,0x400945,0,2812
L,0x4009cc,1,2811
J,0x400a53,2811,1
L,0x400a70,1,0
L,0x400a77,1,0
L,0x400a90,1,0
L,0x400a99,0,1
J,0x400ad3,1,0
J,0x400b21,1,0
J,0x400b47,0,1
J,0x400b69,0,1
L,0x400da5,1150,2812
J,0x400da8,1150,2812
L,0x400dba,2812,0
L,0x400dc7,2812,0
L,0x400dcf,1144,2818
J,0x400dd1,1144,2818
L,0x400dd3,2605,213
J,0x400dd5,213,2605
L,0x400dde,1147,2602
J,0x400de4,1147,2602
L,0x400ded,2602,0
L,0x400def,2545,57
S,0x400df1,2545,57
S,0x400df5,57,2545
L,0x400e04,1144,2818
S,0x400e0a,2818,1144
L,0x400e0f,3688,274
S,0x400e16,3688,274
S,0x400e25,2001,1961
L,0x400e28,3962,0
L,0x400e2a,2052,1910
L,0x400e2c,2146,1816
S,0x400e39,428,3534
L,0x400e3c,3388,574
J,0x400e44,3534,428
J,0x400e4e,173,255
L,0x400e79,1150,2812
J,0x400e7c,2812,1150
L,0x400e88,1051,99
S,0x400e8a,99,1051
L,0x400e8d,1051,99
L,0x400ea4,563,587
S,0x400eae,563,587
L,0x400eb1,938,212
J,0x400eb7,212,938
L,0x400ebd,886,52
L,0x400edb,1150,0
J,0x400ee2,1150,0
S,0x400eee,1752,1060
S,0x400ef6,1796,1016
L,0x400ef9,5,2807
L,0x400efb,0,2812
J,0x400f03,2812,0
S,0x400f22,970,180
L,0x400f26,387,763
L,0x400f2b,1110,40
S,0x400f2d,1110,40
L,0x400f30,419,731
L,0x400f32,1150,0
J,0x400f46,1150,0
M,0x400f7d,3534,428
L,0x400f80,1491,2471
J,0x400f82,2471,1491
J,0x400f8b,81,1410
J,0x400f96,4,3869
S,0x400fa3,0,3869
L,0x400fa6,3869,0
L,0x400fae,3877,11
L,0x400fb6,3962,0
L,0x400fb8,1150,2812
J,0x400fbb,2812,1150
L,0x400fcc,1150,2812
M,0x400fce,2812,1150
J,0x400fd5,83,3879
M,0x400fdc,3869,10
M,0x400fe5,2412,1550
L,0x400feb,1150,2812
J,0x400fee,2812,1150
L,0x400fff,1150,0
J,0x401006,0,1150
L,0x401025,1150,0
J,0x40102c,0,1150
S,0x401044,86,1064
S,0x40106f,683,3279
S,0x40107b,2215,1747
L,0x40107f,1065,2897
M,0x40108d,1065,2897
S,0x40109b,2851,1111
L,0x4010ab,2235,1727
S,0x4010ae,1727,2235
L,0x4010b2,2977,985
L,0x4010b5,1150,2812
J,0x4010b8,2812,1150
L,0x4010c8,1150,2812
J,0x4010ca,2812,1150
S,0x4010ec,1040,2922
L,0x4010f0,3777,185
M,0x4010f9,3777,185
L,0x4010ff,1150,2812
J,0x40110c,2812,1150
L,0x40111d,1150,2812
J,0x401120,2812,1150
M,0x40114e,1599,2363
J,0x401156,8,3954
J,0x401160,336,3618
M,0x40116a,3532,86
L,0x401172,1150,2812
J,0x401175,2812,1150
L,0x401182,1150,0
M,0x401184,1150,0
L,0x401198,873,277
S,0x40119b,277,873
L,0x40119f,873,277
L,0x4011b8,1056,94
M,0x4011cd,1056,94
L,0x4011d3,1150,0
J,0x4011df,1150,0
S,0x401201,448,702
L,0x401205,507,643
J,0x40120d,507,643
J,0x401218,9,634
J,0x401223,406,720
J,0x40123a,150,3724
J,0x401245,344,3618
M,0x40124c,3532,86
L,0x40124f,3388,574
M,0x401251,574,3388
J,0x40125a,430,3532
M,0x401263,3439,93
L,0x401266,3962,0
M,0x401278,2228,1734
M,0x401281,1816,2146
L,0x401286,2545,1417
M,0x401295,1417,2545
L,0x401299,1147,2815
S,0x4012a1,2815,1147
L,0x4012a5,1346,2616
L,0x4012aa,3388,574
M,0x4012ac,3388,574
L,0x4012b2,1559,2403
M,0x4012b7,1559,2403
L,0x4012bb,3720,242
M,0x4012c3,3720,242
J,0x4012cf,586,3376
M,0x4012d4,2853,523
L,0x4012e0,3962,0
L,0x4012e2,2713,1249
M,0x4012e5,2713,1249
J,0x4012f2,41,3921
J,0x4012fc,1109,2812
L,0x4012fe,2812,0
M,0x401301,0,2812
M,0x401331,255,3707
L,0x401334,3388,574
M,0x401336,574,3388
M,0x40134b,66,3896
L,0x40134f,3962,0
L,0x401352,1150,2812
J,0x401355,2812,1150
L,0x40135f,1150,2812
M,0x401366,2812,1150
J,0x40136e,83,3879
M,0x401375,3869,10
M,0x401388,2412,1550
L,0x40138c,3962,0
S,0x401393,88,3874
M,0x40139e,208,3754
J,0x4013a6,344,3618
M,0x4013ad,3532,86
L,0x4013b1,3388,574
M,0x4013b3,574,3388
J,0x4013ba,430,3532
M,0x4013c3,3439,93
M,0x4013d6,2228,1734
M,0x4013df,1816,2146
L,0x4013e3,2545,1417
M,0x4013eb,1417,2545
L,0x4013ef,3388,574
M,0x4013f1,3388,574
M,0x4013fa,1559,2403
M,0x401404,242,3720
J,0x40140b,586,3376
M,0x401412,2853,523
L,0x40141f,2713,1249
M,0x40142e,2713,1249
J,0x401435,41,3921
J,0x40143b,1109,2812
L,0x401441,2812,0
M,0x401444,2812,0
L,0x401451,1150,2812
J,0x401457,2812,1150
L,0x401467,731,419
S,0x40146a,419,731
L,0x40146d,731,419
L,0x401473,1150,0
L,0x401476,731,419
J,0x40148b,242,3720
L,0x40148d,1383,2337
M,0x401497,3376,586
L,0x40149c,2713,1249
J,0x40149f,2713,1249
L,0x4014a1,818,431
J,0x4014ad,1109,2853
L,0x4014b3,2812,41
J,0x4014b6,41,2812
J,0x4014c6,0,2812
S,0x4014d3,2853,586
L,0x4014d8,3962,0
L,0x4014da,1150,2812
J,0x4014dd,2812,1150
L,0x4014f0,1150,2812
M,0x4014f2,2812,1150
M,0x401505,3376,586
M,0x40150e,1734,2228
M,0x401517,1816,2146
L,0x40151b,2545,1417
M,0x401521,1417,2545
M,0x40152a,1559,2403
M,0x401534,242,3720
J,0x40153b,586,3376
M,0x401543,2853,523
L,0x401547,2713,1249
M,0x40154f,2713,1249
M,0x401552,1249,2713
J,0x40155e,41,3921
J,0x401564,1109,2812
L,0x40156a,2812,0
M,0x40156d,2812,0
M,0x401587,3376,586
J,0x401593,344,3618
M,0x40159a,3532,86
L,0x4015a3,3388,574
M,0x4015aa,574,3388
M,0x4015b5,3532,430
L,0x4015b9,3962,0
M,0x4015c0,2228,1734
M,0x4015c9,1816,2146
L,0x4015cd,2545,1417
M,0x4015d0,1417,2545
M,0x4015d9,2403,1559
M,0x4015e2,242,3720
J,0x4015e8,586,3376
M,0x4015f0,2853,523
L,0x4015f9,2713,1249
M,0x401601,2713,1249
M,0x401605,2713,1249
J,0x401611,41,3921
J,0x401617,1109,2812
L,0x40161d,2812,0
M,0x401620,2812,0
L,0x401629,3962,0
J,0x401638,18,3944
M,0x401641,3869,75
M,0x40165d,93,3869
M,0x401664,523,3439
M,0x401676,255,3707
L,0x40167a,3388,574
M,0x40167e,3388,574
M,0x401698,66,3896
J,0x4016a0,83,3879
M,0x4016a5,3869,10
M,0x4016b2,2412,1550
L,0x4016b6,3388,574
M,0x4016b8,3388,574
J,0x4016c0,430,3532
M,0x4016ca,3439,93
M,0x4016d7,2228,1734
M,0x4016e0,1816,2146
L,0x4016e5,2545,1417
M,0x4016e7,1417,2545
M,0x4016f5,1559,2403
M,0x4016ff,242,3720
J,0x401706,586,3376
M,0x40170b,2853,523
L,0x401711,2713,1249
M,0x401714,2713,1249
J,0x40171c,1109,2853
L,0x401722,2812,41
J,0x401725,41,2812
M,0x40173d,3869,93
M,0x401745,93,3869
M,0x40174b,523,3439
L,0x40174f,3388,574
J,0x401751,3388,574
M,0x401761,0,574
J,0x401768,44,530
M,0x401772,3439,93
M,0x401785,2228,1734
M,0x40178f,1816,2146
L,0x401793,2545,1417
M,0x401796,1417,2545
M,0x4017a0,2403,1559
M,0x4017ab,3720,242
J,0x4017b5,586,3376
M,0x4017ba,2853,523
L,0x4017c1,2713,1249
M,0x4017c4,1249,2713
J,0x4017d3,1109,2853
L,0x4017d9,2812,41
J,0x4017dc,41,2812
M,0x401801,3376,586
M,0x401809,1734,2228
M,0x401811,1816,2146
L,0x401814,2545,1417
M,0x401817,1417,2545
M,0x401820,1559,2403
M,0x401829,242,3720
J,0x401830,586,3376
M,0x401837,2853,523
L,0x40183a,2713,1249
M,0x401842,2713,1249
M,0x401845,2713,1249
J,0x40184f,41,3921
J,0x401855,1109,2812
L,0x40185b,2812,0
M,0x40185e,0,2812
J,0x401868,93,3869
L,0x40186e,3869,0
J,0x40187b,91,3778
M,0x40188a,3532,339
M,0x401897,430,3532
M,0x4018b5,523,3439
L,0x4018b9,3388,574
M,0x4018bb,574,3388
M,0x4018c4,1550,2412
L,0x4018c7,3962,0
S,0x4018ce,3874,88
M,0x4018d9,208,3754
J,0x4018e2,344,3618
M,0x4018e7,3532,86
L,0x4018ea,3388,574
M,0x4018ec,574,3388
J,0x4018f4,430,3532
M,0x4018fa,3439,93
M,0x40190a,2228,1734
M,0x401912,1816,2146
L,0x401916,2545,1417
M,0x40191c,1417,2545
L,0x40191f,3388,574
M,0x401926,574,3388
M,0x40192e,1559,2403
M,0x401937,242,3720
J,0x40193d,586,3376
M,0x401942,2853,523
L,0x401947,2713,1249
M,0x40194a,2713,1249
J,0x401952,1109,2853
L,0x401958,2812,41
J,0x40195b,41,2812
J,0x401968,0,2812
S,0x401973,24,3532
S,0x401976,3532,24
L,0x401981,3709,253
M,0x40199e,3532,430
M,0x4019a5,523,3439
S,0x4019ad,3103,859
L,0x4019b2,1976,1986
J,0x4019b9,1976,1986
L,0x4019bf,1986,0
S,0x4019cb,859,1127
S,0x4019cf,1127,859
M,0x4019d4,1127,859
L,0x4019d8,3388,574
M,0x4019dd,3388,574
L,0x4019e1,3962,0
L,0x4019e4,1150,2812
J,0x4019eb,2812,1150
L,0x4019f8,1150,2812
J,0x4019fa,2812,1150
S,0x401a07,704,446
J,0x401a0f,1981,1981
S,0x401a15,958,1023
J,0x401a22,1023,958
L,0x401a28,336,622
M,0x401a3a,2412,1550
M,0x401a4b,94,3868
J,0x401a54,24,3938
M,0x401a5e,3532,406
L,0x401a61,3388,574
M,0x401a63,574,3388
J,0x401a6c,430,3532
M,0x401a76,3439,93
M,0x401a89,2228,1734
M,0x401a92,1816,2146
L,0x401a97,2545,1417
M,0x401a9a,1417,2545
L,0x401a9e,3388,574
M,0x401aa0,574,3388
M,0x401aa9,1559,2403
M,0x401ab3,242,3720
J,0x401aba,586,3376
M,0x401abf,2853,523
L,0x401ac5,2713,1249
M,0x401ac8,2713,1249
J,0x401ad2,1109,2853
L,0x401ad8,2812,41
J,0x401adb,41,2812
L,0x401ae1,3962,0
M,0x401afb,3376,586
M,0x401b04,3103,859
L,0x401b08,3388,574
M,0x401b0d,574,3388
M,0x401b14,3004,958
M,0x401b1c,3004,958
M,0x401b27,1550,2412
M,0x401b30,3868,94
M,0x401b39,634,3328
J,0x401b3f,24,3938
M,0x401b48,406,3532
L,0x401b4c,3388,574
M,0x401b4e,574,3388
J,0x401b56,430,3532
M,0x401b5f,3439,93
L,0x401b63,3962,0
M,0x401b6e,2228,1734
M,0x401b76,1816,2146
L,0x401b7a,2545,1417
M,0x401b7c,1417,2545
M,0x401b84,1559,2403
M,0x401b8e,242,3720
J,0x401b95,586,3376
M,0x401b9a,2853,523
L,0x401ba1,2713,1249
M,0x401ba9,2713,1249
M,0x401bad,1249,2713
J,0x401bb8,41,3921
J,0x401bbe,1109,2812
L,0x401bc4,2812,0
M,0x401bc7,0,2812
M,0x401be7,3938,24
M,0x401bef,430,3532
M,0x401bf6,3439,523
L,0x401bfa,3962,0
M,0x401c01,586,3376
M,0x401c08,3532,430
L,0x401c0c,3388,574
M,0x401c0e,3388,574
M,0x401c1f,2412,1550
M,0x401c28,634,3328
M,0x401c30,3938,24
L,0x401c34,3388,574
M,0x401c36,574,3388
J,0x401c3e,430,3532
M,0x401c47,3439,93
L,0x401c4b,3962,0
M,0x401c5c,2228,1734
M,0x401c68,1816,2146
L,0x401c6d,2545,1417
M,0x401c70,1417,2545
M,0x401c79,2403,1559
M,0x401c83,242,3720
J,0x401c8a,586,3376
M,0x401c8f,2853,523
L,0x401c95,2713,1249
M,0x401c9d,2713,1249
M,0x401ca5,2713,1249
J,0x401cb0,41,3921
J,0x401cb6,1109,2812
L,0x401cbc,2812,0
M,0x401cbf,2812,0
M,0x401cd3,24,3938
M,0x401cde,430,3532
M,0x401ce4,523,3439
L,0x401ce8,3388,574
J,0x401cea,3388,574
M,0x401cfd,574,0
J,0x401d06,430,3532
M,0x401d0c,3439,93
M,0x401d21,2228,1734
M,0x401d29,1816,2146
L,0x401d2d,2545,1417
M,0x401d30,1417,2545
L,0x401d33,3388,574
M,0x401d3a,574,3388
M,0x401d42,1559,2403
M,0x401d4b,242,3720
J,0x401d51,586,3376
M,0x401d58,2853,523
L,0x401d5b,2713,1249
M,0x401d5e,2713,1249
J,0x401d66,1109,2853
L,0x401d6c,2812,41
J,0x401d6f,41,2812
J,0x401d7a,0,2812
J,0x401d89,3618,336
L,0x401d90,210,126
L,0x401d9b,3388,574
M,0x401d9d,574,3388
M,0x401da6,3532,430
J,0x401dae,1816,2146
L,0x401db5,1477,669
L,0x401db8,1974,172
L,0x401dbd,3776,186
J,0x401dc4,586,3376
M,0x401dcd,2853,523
L,0x401dd2,2713,1249
J,0x401dd5,1249,2713
L,0x401ddc,2634,79
J,0x401de7,41,3921
J,0x401df1,1109,2812
L,0x401df7,2812,0
J,0x401dfa,0,2812
L,0x401e00,3962,0
J,0x401e07,422,3540
M,0x401e10,3532,8
M,0x401e1e,430,3532
M,0x401e24,523,3439
L,0x401e27,3388,574
J,0x401e29,3388,574
J,0x401e34,574,0
J,0x401e4b,430,3532
M,0x401e51,3439,93
M,0x401e6e,2228,1734
M,0x401e76,2146,1816
L,0x401e7d,2545,1417
M,0x401e80,2545,1417
L,0x401e83,3388,574
M,0x401e8c,574,3388
M,0x401e94,1559,2403
M,0x401e9d,242,3720
J,0x401ea3,586,3376
M,0x401eaa,2853,523
L,0x401eb1,2713,1249
M,0x401eb9,2713,1249
M,0x401ec5,2853,1109
M,0x401ecf,3876,86
M,0x401ed9,430,3532
M,0x401ee0,3439,523
L,0x401ee4,3962,0
M,0x401eeb,586,3376
M,0x401ef1,430,3532
J,0x401eff,99,3863
L,0x401f05,3863,0
L,0x401f08,3318,545
M,0x401f0a,3318,545
M,0x401f2a,1550,2412
M,0x401f33,3777,185
M,0x401f40,1599,2363
J,0x401f48,8,3954
J,0x401f52,336,3618
M,0x401f5c,3532,86
L,0x401f5f,3388,574
M,0x401f61,574,3388
J,0x401f69,430,3532
M,0x401f72,3439,93
L,0x401f77,3962,0
M,0x401f88,2228,1734
M,0x401f91,1816,2146
L,0x401f96,2545,1417
M,0x401f9c,1417,2545
M,0x401fa5,2403,1559
M,0x401faf,242,3720
J,0x401fb6,586,3376
M,0x401fbb,2853,523
L,0x401fc1,2713,1249
M,0x401fc9,2713,1249
M,0x401fd1,2713,1249
J,0x401fdc,41,3921
J,0x401fe2,1109,2812
L,0x401fe8,2812,0
M,0x401feb,2812,0
M,0x402013,3376,586
M,0x40201f,3863,99
L,0x402023,3388,574
M,0x402025,3388,574
M,0x40202e,1550,2412
M,0x402037,1065,2897
M,0x402040,2363,1599
J,0x40204c,8,3954
J,0x402056,336,3618
M,0x40205b,3532,86
L,0x40206b,3388,574
M,0x40206d,574,3388
J,0x402078,430,3532
M,0x40207e,3439,93
L,0x402085,3962,0
M,0x402094,2228,1734
M,0x40209c,2146,1816
L,0x4020a0,2545,1417
M,0x4020a6,1417,2545
M,0x4020b1,2403,1559
M,0x4020ba,242,3720
J,0x4020c0,586,3376
M,0x4020c8,2853,523
L,0x4020cf,2713,1249
M,0x4020d2,2713,1249
M,0x4020dc,2713,1249
J,0x4020e4,41,3921
J,0x4020ea,1109,2812
L,0x4020f0,2812,0
M,0x4020f3,0,2812
L,0x4020f7,3962,0
M,0x40210e,586,3376
M,0x402117,3777,185
M,0x402120,3626,336
L,0x402124,3388,574
M,0x402126,574,3388
M,0x40212e,3532,430
M,0x402137,2228,1734
M,0x402140,1816,2146
L,0x402144,2545,1417
M,0x402146,1417,2545
M,0x402155,2403,1559
M,0x40215e,242,3720
J,0x402164,586,3376
M,0x40216c,2853,523
L,0x402174,2713,1249
M,0x402177,2713,1249
M,0x402181,2713,1249
J,0x402189,41,3921
J,0x40218f,1109,2812
L,0x402195,2812,0
M,0x402198,0,2812
M,0x4021a8,3532,430
M,0x4021b5,3439,523
L,0x4021b9,3388,574
J,0x4021bb,3388,574
M,0x4021d6,574,0
J,0x4021de,430,3532
M,0x4021e7,3439,93
M,0x4021f9,2228,1734
M,0x402201,1816,2146
L,0x402204,2545,1417
M,0x402207,1417,2545
M,0x40220f,1559,2403
M,0x402219,242,3720
J,0x402220,586,3376
M,0x402227,2853,523
L,0x40222b,2713,1249
J,0x40222e,1249,2713
J,0x402238,522,2191
L,0x40223e,2812,41
J,0x402241,41,2812
L,0x402247,2150,662
J,0x40224f,662,2150
L,0x402251,2150,0
L,0x402258,2150,563
M,0x40225b,563,2150
S,0x402409,627,523
L,0x40241f,2450,362
M,0x40243b,2450,362
L,0x40244a,0,2812
J,0x402459,2812,0
S,0x402472,165,985
S,0x402479,335,815
L,0x40247c,785,365
L,0x40247e,1150,0
J,0x402486,1150,0
S,0x4024e9,0,3534
S,0x4024f9,48,3659
S,0x402522,2564,248
L,0x402526,1104,1708
L,0x40252b,2698,114
S,0x40252d,2698,114
L,0x402530,2812,0
L,0x402533,1131,1681
L,0x402558,185,27
L,0x402614,0,2812
J,0x402616,2812,0
J,0x402665,2463,8
J,0x4026a4,627,523
L,0x4026c0,2812,0
L,0x4026cb,2812,0
J,0x4026dd,492,15
J,0x4026f3,30,58
L,0x40270d,0,2812
J,0x402710,2812,0
J,0x402754,662,587
J,0x402764,0,587
L,0x40276a,522,587
J,0x40276f,587,522
J,0x40278f,744,406
L,0x4027a3,406,0
M,0x4027d8,2412,976
J,0x4027df,3002,386
L,0x4027f5,1981,0
L,0x4027f7,1981,0
L,0x402805,2812,0
J,0x40284d,1142,8
L,0x402853,8,0
S,0x40285d,7,1
L,0x402860,1,7
M,0x40287e,976,2412
M,0x40289a,2412,976
M,0x4028bb,976,2412
S,0x4028d0,81,4
L,0x4028d3,19,66
J,0x4028db,19,66
L,0x4028e6,66,0
J,0x402999,333,73
J,0x4029b5,0,93
S,0x402a1b,585,1
L,0x402a1e,433,153
L,0x402a21,433,153
L,0x402a23,586,0
L,0x402a35,1976,0
S,0x402a5c,2209,603
L,0x402a60,127,2685
J,0x402a68,127,2685
L,0x402ae8,41,0
J,0x402aeb,41,0
J,0x402b14,41,0
J,0x402b1f,522,0
S,0x402bc0,48,125
L,0x402bc5,173,0
L,0x402bf4,1023,0
L,0x402bf6,1023,0
S,0x402ca7,1249,22523
S,0x402cab,17462,6310
J,0x402cb1,5061,18711
S,0x402cc2,3962,14749
S,0x402cc5,0,18711
L,0x402ccd,14749,3962
J,0x402ccf,14749,3962
J,0x402cd6,1249,2713
S,0x402cda,0,2713
L,0x402e02,3962,0
L,0x402e93,3962,0
L,0x402f95,3962,0
J,0x402f9e,0,3962
L,0x40300f,1,0
L,0x403040,1,0
L,0x403060,1,6773
J,0x403063,1,6773
J,0x403069,2811,3962
L,0x403075,0,3962
J,0x40307b,0,3962
L,0x403090,2812,1150
J,0x403093,2812,1150
J,0x4030a5,0,2811
L,0x4030b1,0,2811
J,0x4030b4,0,2811
L,0x4030c5,2811,0
L,0x4030d8,1,0
J,0x4030e1,0,1
L,0x403151,0,1
J,0x403154,0,1
L,0x403156,1,0
J,0x403174,0,1
